<?xml version="1.0" encoding="UTF-8"?>
<testng-results ignored="0" total="1" passed="1" failed="0" skipped="0">
  <reporter-output>
  </reporter-output>
  <suite started-at="2019-03-18T17:24:04Z" name="Surefire suite" finished-at="2019-03-18T17:24:04Z" duration-ms="83">
    <groups>
    </groups>
    <test started-at="2019-03-18T17:24:04Z" name="Surefire test" finished-at="2019-03-18T17:24:04Z" duration-ms="83">
      <class name="com.bankbazaar.automation.AppTest">
        <test-method signature="testApp()" started-at="2019-03-18T17:24:04Z" name="testApp" finished-at="2019-03-18T17:24:04Z" duration-ms="25" status="PASS">
          <reporter-output>
          </reporter-output>
        </test-method> <!-- testApp -->
      </class> <!-- com.bankbazaar.automation.AppTest -->
    </test> <!-- Surefire test -->
  </suite> <!-- Surefire suite -->
</testng-results>
