<?xml version="1.0" encoding="UTF-8"?>
<!-- Generated by org.testng.reporters.JUnitXMLReporter -->
<testsuite ignored="0" hostname="Lee.local" failures="0" tests="3" name="Surefire test" time="0.042" errors="0" timestamp="18 Mar 2019 17:24:04 GMT">
  <testcase classname="com.bankbazaar.automation.SampleTest" name="sample1" time="0.009"/>
  <testcase classname="com.bankbazaar.automation.SeleniumTest" name="seleniumTest" time="0.0"/>
  <testcase classname="com.bankbazaar.automation.SeleniumTest" name="seleniumURLLoad" time="0.001"/>
</testsuite> <!-- Surefire test -->
