<?xml version="1.0" encoding="UTF-8"?>
<testng-results ignored="0" total="3" passed="3" failed="0" skipped="0">
  <reporter-output>
  </reporter-output>
  <suite started-at="2019-03-18T17:24:04Z" name="Surefire suite" finished-at="2019-03-18T17:24:04Z" duration-ms="42">
    <groups>
    </groups>
    <test started-at="2019-03-18T17:24:04Z" name="Surefire test" finished-at="2019-03-18T17:24:04Z" duration-ms="42">
      <class name="com.bankbazaar.automation.SampleTest">
        <test-method signature="sample1()[pri:0, instance:com.bankbazaar.automation.SampleTest@3daa422a]" started-at="2019-03-18T17:24:04Z" name="sample1" finished-at="2019-03-18T17:24:04Z" duration-ms="9" status="PASS">
          <reporter-output>
          </reporter-output>
        </test-method> <!-- sample1 -->
      </class> <!-- com.bankbazaar.automation.SampleTest -->
      <class name="com.bankbazaar.automation.SeleniumTest">
        <test-method signature="seleniumTest()[pri:0, instance:com.bankbazaar.automation.SeleniumTest@31c88ec8]" started-at="2019-03-18T17:24:04Z" name="seleniumTest" finished-at="2019-03-18T17:24:04Z" duration-ms="0" status="PASS">
          <reporter-output>
          </reporter-output>
        </test-method> <!-- seleniumTest -->
        <test-method signature="seleniumURLLoad()[pri:0, instance:com.bankbazaar.automation.SeleniumTest@31c88ec8]" started-at="2019-03-18T17:24:04Z" name="seleniumURLLoad" finished-at="2019-03-18T17:24:04Z" duration-ms="1" status="PASS">
          <reporter-output>
          </reporter-output>
        </test-method> <!-- seleniumURLLoad -->
      </class> <!-- com.bankbazaar.automation.SeleniumTest -->
    </test> <!-- Surefire test -->
  </suite> <!-- Surefire suite -->
</testng-results>
