<?xml version="1.0" encoding="UTF-8"?>
<testng-results total="3" passed="3" failed="0" skipped="0">
  <reporter-output>
  </reporter-output>
  <suite started-at="2019-03-19T18:19:38Z" name="mavenTriggerTest" finished-at="2019-03-19T18:19:38Z" duration-ms="23">
    <groups>
    </groups>
    <test started-at="2019-03-19T18:19:38Z" name="mavenTestNGTrigger" finished-at="2019-03-19T18:19:38Z" duration-ms="23">
      <class name="com.bankbazaar.automation.SampleTest">
        <test-method signature="sample1()[pri:0, instance:com.bankbazaar.automation.SampleTest@692f203f]" started-at="2019-03-19T23:49:38Z" name="sample1" finished-at="2019-03-19T23:49:38Z" duration-ms="7" status="PASS">
          <reporter-output>
          </reporter-output>
        </test-method> <!-- sample1 -->
      </class> <!-- com.bankbazaar.automation.SampleTest -->
      <class name="com.bankbazaar.automation.SeleniumTest">
        <test-method signature="seleniumTest()[pri:0, instance:com.bankbazaar.automation.SeleniumTest@1aafa419]" started-at="2019-03-19T23:49:38Z" name="seleniumTest" finished-at="2019-03-19T23:49:38Z" duration-ms="1" status="PASS">
          <reporter-output>
          </reporter-output>
        </test-method> <!-- seleniumTest -->
        <test-method signature="seleniumURLLoad()[pri:0, instance:com.bankbazaar.automation.SeleniumTest@1aafa419]" started-at="2019-03-19T23:49:38Z" name="seleniumURLLoad" finished-at="2019-03-19T23:49:38Z" duration-ms="2" status="PASS">
          <reporter-output>
          </reporter-output>
        </test-method> <!-- seleniumURLLoad -->
      </class> <!-- com.bankbazaar.automation.SeleniumTest -->
    </test> <!-- mavenTestNGTrigger -->
  </suite> <!-- mavenTriggerTest -->
</testng-results>
