<?xml version="1.0" encoding="UTF-8"?>
<!-- Generated by org.testng.reporters.JUnitXMLReporter -->
<testsuite hostname="Lee.local" failures="0" tests="3" name="mavenTestNGTrigger" time="0.023" errors="0" timestamp="19 Mar 2019 18:19:38 GMT">
  <testcase classname="com.bankbazaar.automation.SampleTest" name="sample1" time="0.007"/>
  <testcase classname="com.bankbazaar.automation.SeleniumTest" name="seleniumTest" time="0.001"/>
  <testcase classname="com.bankbazaar.automation.SeleniumTest" name="seleniumURLLoad" time="0.002"/>
</testsuite> <!-- mavenTestNGTrigger -->
